Few-shot classification:

oxford_pets:
CLIP:  85.77
CALIP: 86.21 

           1      2      4      8      16
tip-adapter   86.10   87.03    86.45   87.03   88.14
tip-x       85.41   87.95    88.28   89.12   89.86
ours        85.49   86.69    87.19   89.12   88.81


flowers102: 
CLIP:  66.14 
CALIP: 66.38  

           1      2      4      8      16
tip-adapter   73.12   79.13    83.80   87.98   89.89
tip-x       73.44   79.41    85.92   88.59   90.29
ours        72.11   82.91    89.73   93.23   95.72


FGVCAircraft: 
CLIP:  17.28 
CALIP: 17.76  

           1      2      4      8      16
tip-adapter   19.05   21.21    22.41   25.59   29.76
tip-x       20.10   21.93    22.92   26.91   30.12
ours        17.29   22.45    28.24   34.07   40.61


DTD: 
CLIP:  42.32 
CALIP: 42.39  

           1      2      4      8      16
tip-adapter   46.22   49.47    53.96   58.63   60.93
tip-x       46.98   50.11    55.20   59.33   63.53
ours        46.26   51.26    57.47   62.77   66.51


EuroSAT: 
CLIP:  37.56
CALIP: 38.90 

           1      2      4      8      16
tip-adapter   54.38   61.68    65.32   67.95   70.54 
tip-x       55.88   61.54    68.14   68.85   73.12 
ours        58.30   67.88    75.40   81.70   86.12 


StanfordCars: 
CLIP:  55.61
CALIP: 56.27

           1      2      4      8      16
tip-adapter   57.54   57.93    61.45   62.93   66.77
tip-x       58.79   60.27    63.84   65.81   67.30
ours        56.77   59.30    62.75   68.93   75.12


Food101:  
CLIP:  77.31 
CALIP: 77.42 

           1      2      4      8      16
tip-adapter   77.42   77.52    77.54   77.76   77.83
tip-x       77.38   77.53    77.50   77.87   77.93
ours        77.42   77.87    77.83   78.43   79.05


SUN397: 
CLIP:  58.52 
CALIP: 58.59 

           1      2      4      8      16
tip-adapter   61.30   62.70    64.15   65.62   66.85
tip-x       61.69   63.38    64.94   66.28   68.00
ours        59.95   63.64    65.27   68.58   70.70


Caltech101: 
CLIP:  86.29 
CALIP: 87.71 

           1      2      4      8      16
tip-adapter   87.18   88.44    89.39   89.83   90.18
tip-x       88.39   88.60    89.29   89.81   90.70
ours        87.28   88.63    90.62   91.35   92.55


UCF101:   
CLIP:  61.46 
CALIP: 61.72  

           1      2      4      8      16
tip-adapter   62.60   64.74    66.46   68.68   70.58
tip-x       62.78   66.45    66.87   68.88   71.95
ours        62.61   66.28    71.31   75.74   77.53


imagenet: 
CLIP:  58.18
CALIP: 60.57  

           1      2      4      8      16
tip-adapter   60.70   60.96    60.98   61.45   62.01
tip-x       60.73   61.03    61.10   61.57   62.61
ours        60.64   61.23    61.71   62.46   63.82











